<?xml version="1.0" encoding="UTF-8"?>
<!-- Generated by org.testng.reporters.JUnitReportReporter -->
<testsuite skipped="1" hostname="Preeti" name="testCases.LOS.LOS_2_EligibilityCheck" tests="4" failures="0" timestamp="13 Aug 2018 05:43:22 GMT" time="54.724" errors="0">
  <testcase name="checkIndependentEligibiltyTest" time="26.292" classname="testCases.LOS.LOS_2_EligibilityCheck"/>
  <testcase name="checkschoolNotFound" time="11.332" classname="testCases.LOS.LOS_2_EligibilityCheck"/>
  <testcase name="reapplyExistingLoans" time="17.100" classname="testCases.LOS.LOS_2_EligibilityCheck"/>
  <testcase name="checkTutionEligibiltyTest" classname="testCases.LOS.LOS_2_EligibilityCheck">
    <skipped/>
  </testcase> <!-- checkTutionEligibiltyTest -->
</testsuite> <!-- testCases.LOS.LOS_2_EligibilityCheck -->
