<?xml version="1.0" encoding="UTF-8"?>
<!-- Generated by org.testng.reporters.JUnitReportReporter -->
<testsuite skipped="4" hostname="Preeti" name="testCases.LOS.CreditCheck.LOS_1_CreditCheck" tests="5" failures="0" timestamp="10 Aug 2018 07:35:19 GMT" time="138.251" errors="0">
  <testcase name="CreditCheckIndLoanApp" time="138.251" classname="testCases.LOS.CreditCheck.LOS_1_CreditCheck"/>
  <testcase name="CreditCheckTutionLoanApp" classname="testCases.LOS.CreditCheck.LOS_1_CreditCheck">
    <skipped/>
  </testcase> <!-- CreditCheckTutionLoanApp -->
  <testcase name="pendingCheck" classname="testCases.LOS.CreditCheck.LOS_1_CreditCheck">
    <skipped/>
  </testcase> <!-- pendingCheck -->
  <testcase name="CreditCheckPtfi" classname="testCases.LOS.CreditCheck.LOS_1_CreditCheck">
    <skipped/>
  </testcase> <!-- CreditCheckPtfi -->
  <testcase name="hardKOCheck" classname="testCases.LOS.CreditCheck.LOS_1_CreditCheck">
    <skipped/>
  </testcase> <!-- hardKOCheck -->
</testsuite> <!-- testCases.LOS.CreditCheck.LOS_1_CreditCheck -->
