<?xml version="1.0" encoding="UTF-8"?>
<!-- Generated by org.testng.reporters.JUnitReportReporter -->
<testsuite skipped="1" hostname="Preeti" name="testCases.LOS.CreditCheck.LOS_2_LoanOffer" tests="3" failures="0" timestamp="13 Aug 2018 05:43:22 GMT" time="179.748" errors="0">
  <testcase name="ValidUserLogin" time="18.335" classname="testCases.LOS.CreditCheck.LOS_2_LoanOffer"/>
  <testcase name="IndependentLoanOffer" time="161.413" classname="testCases.LOS.CreditCheck.LOS_2_LoanOffer"/>
  <testcase name="TutionLoanOffer" classname="testCases.LOS.CreditCheck.LOS_2_LoanOffer">
    <skipped/>
  </testcase> <!-- TutionLoanOffer -->
</testsuite> <!-- testCases.LOS.CreditCheck.LOS_2_LoanOffer -->
