<?xml version="1.0" encoding="UTF-8"?>
<!-- Generated by org.testng.reporters.JUnitReportReporter -->
<testsuite skipped="1" hostname="Preeti" name="testCases.LOS.LOS_2_EligibilityCheck" tests="4" failures="0" timestamp="13 Aug 2018 09:02:53 GMT" time="53.165" errors="0">
  <testcase name="checkIndependentEligibiltyTest" time="26.670" classname="testCases.LOS.LOS_2_EligibilityCheck"/>
  <testcase name="checkschoolNotFound" time="11.415" classname="testCases.LOS.LOS_2_EligibilityCheck"/>
  <testcase name="reapplyExistingLoans" time="15.080" classname="testCases.LOS.LOS_2_EligibilityCheck"/>
  <testcase name="checkTutionEligibiltyTest" classname="testCases.LOS.LOS_2_EligibilityCheck">
    <skipped/>
  </testcase> <!-- checkTutionEligibiltyTest -->
</testsuite> <!-- testCases.LOS.LOS_2_EligibilityCheck -->
