<?xml version="1.0" encoding="UTF-8"?>
<!-- Generated by org.testng.reporters.JUnitReportReporter -->
<testsuite skipped="0" hostname="Preeti" name="testCases.LOS.LOS_1_Login" tests="1" failures="0" timestamp="13 Aug 2018 09:02:54 GMT" time="24.699" errors="0">
  <testcase name="testLogin" time="24.699" classname="testCases.LOS.LOS_1_Login"/>
</testsuite> <!-- testCases.LOS.LOS_1_Login -->
