<?xml version="1.0" encoding="UTF-8"?>
<!-- Generated by org.testng.reporters.JUnitReportReporter -->
<testsuite skipped="2" hostname="Preeti" name="testCases.LOS.CreditCheck.LOS_1_CreditCheck" tests="6" failures="0" timestamp="13 Jul 2018 10:59:14 GMT" time="293.891" errors="0">
  <testcase name="ValidUserLogin" time="13.608" classname="testCases.LOS.CreditCheck.LOS_1_CreditCheck"/>
  <testcase name="CreditCheckPtfi" time="93.254" classname="testCases.LOS.CreditCheck.LOS_1_CreditCheck"/>
  <testcase name="hardKOCheck" time="91.832" classname="testCases.LOS.CreditCheck.LOS_1_CreditCheck"/>
  <testcase name="pendingCheck" time="95.197" classname="testCases.LOS.CreditCheck.LOS_1_CreditCheck"/>
  <testcase name="CreditCheckTutionLoanApp" classname="testCases.LOS.CreditCheck.LOS_1_CreditCheck">
    <skipped/>
  </testcase> <!-- CreditCheckTutionLoanApp -->
  <testcase name="CreditCheckIndLoanApp" classname="testCases.LOS.CreditCheck.LOS_1_CreditCheck">
    <skipped/>
  </testcase> <!-- CreditCheckIndLoanApp -->
</testsuite> <!-- testCases.LOS.CreditCheck.LOS_1_CreditCheck -->
